/Users/musacomma/Library/Python/3.9/lib/python/site-packages/urllib3/__init__.py:35: NotOpenSSLWarning: urllib3 v2 only supports OpenSSL 1.1.1+, currently the 'ssl' module is compiled with 'LibreSSL 2.8.3'. See: https://github.com/urllib3/urllib3/issues/3020
  warnings.warn(
================================================================================
ğŸš€ STARTING CONTINUOUS AUTOMATION
================================================================================
Running every 300 seconds (5.0 minutes)
Press Ctrl+C to stop


================================================================================
ğŸ”„ AUTOMATION CYCLE - 2026-01-06 10:19:01
================================================================================

ğŸ“‹ STEP 1: Cleaning up expired posts...
================================================================================
ğŸ—‘ï¸  POST CLEANUP - DELETING EXPIRED POSTS
================================================================================

âœ… No posts eligible for deletion (posts Posted less than 7 days ago)
================================================================================

ğŸ“‹ STEP 2: Maintaining Draft post inventory...
âœ… Inventory satisfied: 21 Draft posts (target: 21)
ğŸ“‹ STEP 3: Processing scheduling queue...
âœ… No posts in scheduling queue
================================================================================
âœ… AUTOMATION CYCLE COMPLETE
================================================================================

â° Next cycle in 300 seconds...


================================================================================
ğŸ”„ AUTOMATION CYCLE - 2026-01-06 10:24:07
================================================================================

ğŸ“‹ STEP 1: Cleaning up expired posts...
================================================================================
ğŸ—‘ï¸  POST CLEANUP - DELETING EXPIRED POSTS
================================================================================

âœ… No posts eligible for deletion (posts Posted less than 7 days ago)
================================================================================

ğŸ“‹ STEP 2: Maintaining Draft post inventory...
âœ… Inventory satisfied: 21 Draft posts (target: 21)
ğŸ“‹ STEP 3: Processing scheduling queue...
âœ… No posts in scheduling queue
================================================================================
âœ… AUTOMATION CYCLE COMPLETE
================================================================================

â° Next cycle in 300 seconds...


================================================================================
ğŸ”„ AUTOMATION CYCLE - 2026-01-06 10:29:11
================================================================================

ğŸ“‹ STEP 1: Cleaning up expired posts...
================================================================================
ğŸ—‘ï¸  POST CLEANUP - DELETING EXPIRED POSTS
================================================================================

âœ… No posts eligible for deletion (posts Posted less than 7 days ago)
================================================================================

ğŸ“‹ STEP 2: Maintaining Draft post inventory...
âœ… Inventory satisfied: 21 Draft posts (target: 21)
ğŸ“‹ STEP 3: Processing scheduling queue...
âœ… No posts in scheduling queue
================================================================================
âœ… AUTOMATION CYCLE COMPLETE
================================================================================

â° Next cycle in 300 seconds...


================================================================================
ğŸ”„ AUTOMATION CYCLE - 2026-01-06 10:34:16
================================================================================

ğŸ“‹ STEP 1: Cleaning up expired posts...
================================================================================
ğŸ—‘ï¸  POST CLEANUP - DELETING EXPIRED POSTS
================================================================================

âœ… No posts eligible for deletion (posts Posted less than 7 days ago)
================================================================================

ğŸ“‹ STEP 2: Maintaining Draft post inventory...
âœ… Inventory satisfied: 21 Draft posts (target: 21)
ğŸ“‹ STEP 3: Processing scheduling queue...
âœ… No posts in scheduling queue
================================================================================
âœ… AUTOMATION CYCLE COMPLETE
================================================================================

â° Next cycle in 300 seconds...


================================================================================
ğŸ”„ AUTOMATION CYCLE - 2026-01-06 10:39:20
================================================================================

ğŸ“‹ STEP 1: Cleaning up expired posts...
================================================================================
ğŸ—‘ï¸  POST CLEANUP - DELETING EXPIRED POSTS
================================================================================

âœ… No posts eligible for deletion (posts Posted less than 7 days ago)
================================================================================

ğŸ“‹ STEP 2: Maintaining Draft post inventory...
âœ… Inventory satisfied: 21 Draft posts (target: 21)
ğŸ“‹ STEP 3: Processing scheduling queue...
âœ… No posts in scheduling queue
================================================================================
âœ… AUTOMATION CYCLE COMPLETE
================================================================================

â° Next cycle in 300 seconds...


================================================================================
ğŸ”„ AUTOMATION CYCLE - 2026-01-06 10:44:23
================================================================================

ğŸ“‹ STEP 1: Cleaning up expired posts...
================================================================================
ğŸ—‘ï¸  POST CLEANUP - DELETING EXPIRED POSTS
================================================================================

âœ… No posts eligible for deletion (posts Posted less than 7 days ago)
================================================================================

ğŸ“‹ STEP 2: Maintaining Draft post inventory...
âœ… Inventory satisfied: 21 Draft posts (target: 21)
ğŸ“‹ STEP 3: Processing scheduling queue...
âœ… No posts in scheduling queue
================================================================================
âœ… AUTOMATION CYCLE COMPLETE
================================================================================

â° Next cycle in 300 seconds...


================================================================================
ğŸ”„ AUTOMATION CYCLE - 2026-01-06 10:49:27
================================================================================

ğŸ“‹ STEP 1: Cleaning up expired posts...
================================================================================
ğŸ—‘ï¸  POST CLEANUP - DELETING EXPIRED POSTS
================================================================================

âœ… No posts eligible for deletion (posts Posted less than 7 days ago)
================================================================================

ğŸ“‹ STEP 2: Maintaining Draft post inventory...
âœ… Inventory satisfied: 21 Draft posts (target: 21)
ğŸ“‹ STEP 3: Processing scheduling queue...
âœ… No posts in scheduling queue
================================================================================
âœ… AUTOMATION CYCLE COMPLETE
================================================================================

â° Next cycle in 300 seconds...


================================================================================
ğŸ”„ AUTOMATION CYCLE - 2026-01-06 10:54:31
================================================================================

ğŸ“‹ STEP 1: Cleaning up expired posts...
================================================================================
ğŸ—‘ï¸  POST CLEANUP - DELETING EXPIRED POSTS
================================================================================

âœ… No posts eligible for deletion (posts Posted less than 7 days ago)
================================================================================

ğŸ“‹ STEP 2: Maintaining Draft post inventory...
âœ… Inventory satisfied: 21 Draft posts (target: 21)
ğŸ“‹ STEP 3: Processing scheduling queue...
âœ… No posts in scheduling queue
================================================================================
âœ… AUTOMATION CYCLE COMPLETE
================================================================================

â° Next cycle in 300 seconds...


================================================================================
ğŸ”„ AUTOMATION CYCLE - 2026-01-06 10:59:34
================================================================================

ğŸ“‹ STEP 1: Cleaning up expired posts...
================================================================================
ğŸ—‘ï¸  POST CLEANUP - DELETING EXPIRED POSTS
================================================================================

âœ… No posts eligible for deletion (posts Posted less than 7 days ago)
================================================================================

ğŸ“‹ STEP 2: Maintaining Draft post inventory...
âœ… Inventory satisfied: 21 Draft posts (target: 21)
ğŸ“‹ STEP 3: Processing scheduling queue...
âœ… No posts in scheduling queue
================================================================================
âœ… AUTOMATION CYCLE COMPLETE
================================================================================

â° Next cycle in 300 seconds...


================================================================================
ğŸ”„ AUTOMATION CYCLE - 2026-01-06 11:04:37
================================================================================

ğŸ“‹ STEP 1: Cleaning up expired posts...
================================================================================
ğŸ—‘ï¸  POST CLEANUP - DELETING EXPIRED POSTS
================================================================================

âœ… No posts eligible for deletion (posts Posted less than 7 days ago)
================================================================================

ğŸ“‹ STEP 2: Maintaining Draft post inventory...
âœ… Inventory satisfied: 21 Draft posts (target: 21)
ğŸ“‹ STEP 3: Processing scheduling queue...
âœ… No posts in scheduling queue
================================================================================
âœ… AUTOMATION CYCLE COMPLETE
================================================================================

â° Next cycle in 300 seconds...


================================================================================
ğŸ”„ AUTOMATION CYCLE - 2026-01-06 11:09:44
================================================================================

ğŸ“‹ STEP 1: Cleaning up expired posts...
================================================================================
ğŸ—‘ï¸  POST CLEANUP - DELETING EXPIRED POSTS
================================================================================

âœ… No posts eligible for deletion (posts Posted less than 7 days ago)
================================================================================

ğŸ“‹ STEP 2: Maintaining Draft post inventory...
âœ… Inventory satisfied: 21 Draft posts (target: 21)
ğŸ“‹ STEP 3: Processing scheduling queue...
âœ… No posts in scheduling queue
================================================================================
âœ… AUTOMATION CYCLE COMPLETE
================================================================================

â° Next cycle in 300 seconds...


================================================================================
ğŸ”„ AUTOMATION CYCLE - 2026-01-06 11:14:47
================================================================================

ğŸ“‹ STEP 1: Cleaning up expired posts...
================================================================================
ğŸ—‘ï¸  POST CLEANUP - DELETING EXPIRED POSTS
================================================================================

âœ… No posts eligible for deletion (posts Posted less than 7 days ago)
================================================================================

ğŸ“‹ STEP 2: Maintaining Draft post inventory...
âœ… Inventory satisfied: 21 Draft posts (target: 21)
ğŸ“‹ STEP 3: Processing scheduling queue...
âœ… No posts in scheduling queue
================================================================================
âœ… AUTOMATION CYCLE COMPLETE
================================================================================

â° Next cycle in 300 seconds...


================================================================================
ğŸ”„ AUTOMATION CYCLE - 2026-01-06 11:19:51
================================================================================

ğŸ“‹ STEP 1: Cleaning up expired posts...
================================================================================
ğŸ—‘ï¸  POST CLEANUP - DELETING EXPIRED POSTS
================================================================================

âœ… No posts eligible for deletion (posts Posted less than 7 days ago)
================================================================================

ğŸ“‹ STEP 2: Maintaining Draft post inventory...
âœ… Inventory satisfied: 21 Draft posts (target: 21)
ğŸ“‹ STEP 3: Processing scheduling queue...
âœ… No posts in scheduling queue
================================================================================
âœ… AUTOMATION CYCLE COMPLETE
================================================================================

â° Next cycle in 300 seconds...


================================================================================
ğŸ”„ AUTOMATION CYCLE - 2026-01-06 11:24:55
================================================================================

ğŸ“‹ STEP 1: Cleaning up expired posts...
================================================================================
ğŸ—‘ï¸  POST CLEANUP - DELETING EXPIRED POSTS
================================================================================

âœ… No posts eligible for deletion (posts Posted less than 7 days ago)
================================================================================

ğŸ“‹ STEP 2: Maintaining Draft post inventory...
âœ… Inventory satisfied: 21 Draft posts (target: 21)
ğŸ“‹ STEP 3: Processing scheduling queue...
âœ… No posts in scheduling queue
================================================================================
âœ… AUTOMATION CYCLE COMPLETE
================================================================================

â° Next cycle in 300 seconds...


================================================================================
ğŸ”„ AUTOMATION CYCLE - 2026-01-06 11:30:01
================================================================================

ğŸ“‹ STEP 1: Cleaning up expired posts...
================================================================================
ğŸ—‘ï¸  POST CLEANUP - DELETING EXPIRED POSTS
================================================================================

âœ… No posts eligible for deletion (posts Posted less than 7 days ago)
================================================================================

ğŸ“‹ STEP 2: Maintaining Draft post inventory...
âœ… Inventory satisfied: 21 Draft posts (target: 21)
ğŸ“‹ STEP 3: Processing scheduling queue...
âœ… No posts in scheduling queue
================================================================================
âœ… AUTOMATION CYCLE COMPLETE
================================================================================

â° Next cycle in 300 seconds...


================================================================================
ğŸ”„ AUTOMATION CYCLE - 2026-01-06 11:35:09
================================================================================

ğŸ“‹ STEP 1: Cleaning up expired posts...
================================================================================
ğŸ—‘ï¸  POST CLEANUP - DELETING EXPIRED POSTS
================================================================================

âœ… No posts eligible for deletion (posts Posted less than 7 days ago)
================================================================================

ğŸ“‹ STEP 2: Maintaining Draft post inventory...
âœ… Inventory satisfied: 21 Draft posts (target: 21)
ğŸ“‹ STEP 3: Processing scheduling queue...
âœ… No posts in scheduling queue
================================================================================
âœ… AUTOMATION CYCLE COMPLETE
================================================================================

â° Next cycle in 300 seconds...


================================================================================
ğŸ”„ AUTOMATION CYCLE - 2026-01-06 11:40:13
================================================================================

ğŸ“‹ STEP 1: Cleaning up expired posts...
================================================================================
ğŸ—‘ï¸  POST CLEANUP - DELETING EXPIRED POSTS
================================================================================

âœ… No posts eligible for deletion (posts Posted less than 7 days ago)
================================================================================

ğŸ“‹ STEP 2: Maintaining Draft post inventory...
âœ… Inventory satisfied: 21 Draft posts (target: 21)
ğŸ“‹ STEP 3: Processing scheduling queue...
âœ… No posts in scheduling queue
================================================================================
âœ… AUTOMATION CYCLE COMPLETE
================================================================================

â° Next cycle in 300 seconds...


================================================================================
ğŸ”„ AUTOMATION CYCLE - 2026-01-06 11:45:18
================================================================================

ğŸ“‹ STEP 1: Cleaning up expired posts...
================================================================================
ğŸ—‘ï¸  POST CLEANUP - DELETING EXPIRED POSTS
================================================================================

âœ… No posts eligible for deletion (posts Posted less than 7 days ago)
================================================================================

ğŸ“‹ STEP 2: Maintaining Draft post inventory...
âœ… Inventory satisfied: 21 Draft posts (target: 21)
ğŸ“‹ STEP 3: Processing scheduling queue...
âœ… No posts in scheduling queue
================================================================================
âœ… AUTOMATION CYCLE COMPLETE
================================================================================

â° Next cycle in 300 seconds...


================================================================================
ğŸ”„ AUTOMATION CYCLE - 2026-01-06 11:50:21
================================================================================

ğŸ“‹ STEP 1: Cleaning up expired posts...
================================================================================
ğŸ—‘ï¸  POST CLEANUP - DELETING EXPIRED POSTS
================================================================================

âœ… No posts eligible for deletion (posts Posted less than 7 days ago)
================================================================================

ğŸ“‹ STEP 2: Maintaining Draft post inventory...
âœ… Inventory satisfied: 21 Draft posts (target: 21)
ğŸ“‹ STEP 3: Processing scheduling queue...
âœ… No posts in scheduling queue
================================================================================
âœ… AUTOMATION CYCLE COMPLETE
================================================================================

â° Next cycle in 300 seconds...


================================================================================
ğŸ”„ AUTOMATION CYCLE - 2026-01-06 11:55:24
================================================================================

ğŸ“‹ STEP 1: Cleaning up expired posts...
================================================================================
ğŸ—‘ï¸  POST CLEANUP - DELETING EXPIRED POSTS
================================================================================

âœ… No posts eligible for deletion (posts Posted less than 7 days ago)
================================================================================

ğŸ“‹ STEP 2: Maintaining Draft post inventory...
âœ… Inventory satisfied: 21 Draft posts (target: 21)
ğŸ“‹ STEP 3: Processing scheduling queue...
âœ… No posts in scheduling queue
================================================================================
âœ… AUTOMATION CYCLE COMPLETE
================================================================================

â° Next cycle in 300 seconds...


================================================================================
ğŸ”„ AUTOMATION CYCLE - 2026-01-06 12:00:27
================================================================================

ğŸ“‹ STEP 1: Cleaning up expired posts...
================================================================================
ğŸ—‘ï¸  POST CLEANUP - DELETING EXPIRED POSTS
================================================================================

âœ… No posts eligible for deletion (posts Posted less than 7 days ago)
================================================================================

ğŸ“‹ STEP 2: Maintaining Draft post inventory...
âœ… Inventory satisfied: 21 Draft posts (target: 21)
ğŸ“‹ STEP 3: Processing scheduling queue...
âœ… No posts in scheduling queue
================================================================================
âœ… AUTOMATION CYCLE COMPLETE
================================================================================

â° Next cycle in 300 seconds...


================================================================================
ğŸ”„ AUTOMATION CYCLE - 2026-01-06 12:05:31
================================================================================

ğŸ“‹ STEP 1: Cleaning up expired posts...
================================================================================
ğŸ—‘ï¸  POST CLEANUP - DELETING EXPIRED POSTS
================================================================================

âœ… No posts eligible for deletion (posts Posted less than 7 days ago)
================================================================================

ğŸ“‹ STEP 2: Maintaining Draft post inventory...
âœ… Inventory satisfied: 21 Draft posts (target: 21)
ğŸ“‹ STEP 3: Processing scheduling queue...
âœ… No posts in scheduling queue
================================================================================
âœ… AUTOMATION CYCLE COMPLETE
================================================================================

â° Next cycle in 300 seconds...


================================================================================
ğŸ”„ AUTOMATION CYCLE - 2026-01-06 12:10:36
================================================================================

ğŸ“‹ STEP 1: Cleaning up expired posts...
================================================================================
ğŸ—‘ï¸  POST CLEANUP - DELETING EXPIRED POSTS
================================================================================

âœ… No posts eligible for deletion (posts Posted less than 7 days ago)
================================================================================

ğŸ“‹ STEP 2: Maintaining Draft post inventory...
âœ… Inventory satisfied: 21 Draft posts (target: 21)
ğŸ“‹ STEP 3: Processing scheduling queue...
âœ… No posts in scheduling queue
================================================================================
âœ… AUTOMATION CYCLE COMPLETE
================================================================================

â° Next cycle in 300 seconds...


================================================================================
ğŸ”„ AUTOMATION CYCLE - 2026-01-06 12:15:40
================================================================================

ğŸ“‹ STEP 1: Cleaning up expired posts...
================================================================================
ğŸ—‘ï¸  POST CLEANUP - DELETING EXPIRED POSTS
================================================================================

âœ… No posts eligible for deletion (posts Posted less than 7 days ago)
================================================================================

ğŸ“‹ STEP 2: Maintaining Draft post inventory...
âœ… Inventory satisfied: 21 Draft posts (target: 21)
ğŸ“‹ STEP 3: Processing scheduling queue...
âœ… No posts in scheduling queue
================================================================================
âœ… AUTOMATION CYCLE COMPLETE
================================================================================

â° Next cycle in 300 seconds...


================================================================================
ğŸ”„ AUTOMATION CYCLE - 2026-01-06 12:20:43
================================================================================

ğŸ“‹ STEP 1: Cleaning up expired posts...
================================================================================
ğŸ—‘ï¸  POST CLEANUP - DELETING EXPIRED POSTS
================================================================================

âœ… No posts eligible for deletion (posts Posted less than 7 days ago)
================================================================================

ğŸ“‹ STEP 2: Maintaining Draft post inventory...
âœ… Inventory satisfied: 21 Draft posts (target: 21)
ğŸ“‹ STEP 3: Processing scheduling queue...
âœ… No posts in scheduling queue
================================================================================
âœ… AUTOMATION CYCLE COMPLETE
================================================================================

â° Next cycle in 300 seconds...


================================================================================
ğŸ”„ AUTOMATION CYCLE - 2026-01-06 12:25:49
================================================================================

ğŸ“‹ STEP 1: Cleaning up expired posts...
================================================================================
ğŸ—‘ï¸  POST CLEANUP - DELETING EXPIRED POSTS
================================================================================

âœ… No posts eligible for deletion (posts Posted less than 7 days ago)
================================================================================

ğŸ“‹ STEP 2: Maintaining Draft post inventory...
âœ… Inventory satisfied: 21 Draft posts (target: 21)
ğŸ“‹ STEP 3: Processing scheduling queue...
âœ… No posts in scheduling queue
================================================================================
âœ… AUTOMATION CYCLE COMPLETE
================================================================================

â° Next cycle in 300 seconds...


================================================================================
ğŸ”„ AUTOMATION CYCLE - 2026-01-06 12:30:54
================================================================================

ğŸ“‹ STEP 1: Cleaning up expired posts...
================================================================================
ğŸ—‘ï¸  POST CLEANUP - DELETING EXPIRED POSTS
================================================================================

âœ… No posts eligible for deletion (posts Posted less than 7 days ago)
================================================================================

ğŸ“‹ STEP 2: Maintaining Draft post inventory...
âœ… Inventory satisfied: 21 Draft posts (target: 21)
ğŸ“‹ STEP 3: Processing scheduling queue...
âœ… No posts in scheduling queue
================================================================================
âœ… AUTOMATION CYCLE COMPLETE
================================================================================

â° Next cycle in 300 seconds...


================================================================================
ğŸ”„ AUTOMATION CYCLE - 2026-01-06 12:35:57
================================================================================

ğŸ“‹ STEP 1: Cleaning up expired posts...
================================================================================
ğŸ—‘ï¸  POST CLEANUP - DELETING EXPIRED POSTS
================================================================================

âœ… No posts eligible for deletion (posts Posted less than 7 days ago)
================================================================================

ğŸ“‹ STEP 2: Maintaining Draft post inventory...
âœ… Inventory satisfied: 21 Draft posts (target: 21)
ğŸ“‹ STEP 3: Processing scheduling queue...
âœ… No posts in scheduling queue
================================================================================
âœ… AUTOMATION CYCLE COMPLETE
================================================================================

â° Next cycle in 300 seconds...


================================================================================
ğŸ”„ AUTOMATION CYCLE - 2026-01-06 12:41:00
================================================================================

ğŸ“‹ STEP 1: Cleaning up expired posts...
================================================================================
ğŸ—‘ï¸  POST CLEANUP - DELETING EXPIRED POSTS
================================================================================

âœ… No posts eligible for deletion (posts Posted less than 7 days ago)
================================================================================

ğŸ“‹ STEP 2: Maintaining Draft post inventory...
âœ… Inventory satisfied: 21 Draft posts (target: 21)
ğŸ“‹ STEP 3: Processing scheduling queue...
âœ… No posts in scheduling queue
================================================================================
âœ… AUTOMATION CYCLE COMPLETE
================================================================================

â° Next cycle in 300 seconds...


================================================================================
ğŸ”„ AUTOMATION CYCLE - 2026-01-06 12:46:03
================================================================================

ğŸ“‹ STEP 1: Cleaning up expired posts...
================================================================================
ğŸ—‘ï¸  POST CLEANUP - DELETING EXPIRED POSTS
================================================================================

âœ… No posts eligible for deletion (posts Posted less than 7 days ago)
================================================================================

ğŸ“‹ STEP 2: Maintaining Draft post inventory...
âœ… Inventory satisfied: 21 Draft posts (target: 21)
ğŸ“‹ STEP 3: Processing scheduling queue...
âœ… No posts in scheduling queue
================================================================================
âœ… AUTOMATION CYCLE COMPLETE
================================================================================

â° Next cycle in 300 seconds...


================================================================================
ğŸ”„ AUTOMATION CYCLE - 2026-01-06 12:51:06
================================================================================

ğŸ“‹ STEP 1: Cleaning up expired posts...
================================================================================
ğŸ—‘ï¸  POST CLEANUP - DELETING EXPIRED POSTS
================================================================================

âœ… No posts eligible for deletion (posts Posted less than 7 days ago)
================================================================================

ğŸ“‹ STEP 2: Maintaining Draft post inventory...
âœ… Inventory satisfied: 21 Draft posts (target: 21)
ğŸ“‹ STEP 3: Processing scheduling queue...
âœ… No posts in scheduling queue
================================================================================
âœ… AUTOMATION CYCLE COMPLETE
================================================================================

â° Next cycle in 300 seconds...


================================================================================
ğŸ”„ AUTOMATION CYCLE - 2026-01-06 12:56:10
================================================================================

ğŸ“‹ STEP 1: Cleaning up expired posts...
================================================================================
ğŸ—‘ï¸  POST CLEANUP - DELETING EXPIRED POSTS
================================================================================

âœ… No posts eligible for deletion (posts Posted less than 7 days ago)
================================================================================

ğŸ“‹ STEP 2: Maintaining Draft post inventory...
âœ… Inventory satisfied: 21 Draft posts (target: 21)
ğŸ“‹ STEP 3: Processing scheduling queue...
âœ… No posts in scheduling queue
================================================================================
âœ… AUTOMATION CYCLE COMPLETE
================================================================================

â° Next cycle in 300 seconds...


================================================================================
ğŸ”„ AUTOMATION CYCLE - 2026-01-06 13:01:15
================================================================================

ğŸ“‹ STEP 1: Cleaning up expired posts...
================================================================================
ğŸ—‘ï¸  POST CLEANUP - DELETING EXPIRED POSTS
================================================================================

âœ… No posts eligible for deletion (posts Posted less than 7 days ago)
================================================================================

ğŸ“‹ STEP 2: Maintaining Draft post inventory...
âœ… Inventory satisfied: 21 Draft posts (target: 21)
ğŸ“‹ STEP 3: Processing scheduling queue...
âœ… No posts in scheduling queue
================================================================================
âœ… AUTOMATION CYCLE COMPLETE
================================================================================

â° Next cycle in 300 seconds...


================================================================================
ğŸ”„ AUTOMATION CYCLE - 2026-01-06 13:06:19
================================================================================

ğŸ“‹ STEP 1: Cleaning up expired posts...
================================================================================
ğŸ—‘ï¸  POST CLEANUP - DELETING EXPIRED POSTS
================================================================================

âœ… No posts eligible for deletion (posts Posted less than 7 days ago)
================================================================================

ğŸ“‹ STEP 2: Maintaining Draft post inventory...
âœ… Inventory satisfied: 21 Draft posts (target: 21)
ğŸ“‹ STEP 3: Processing scheduling queue...
âœ… No posts in scheduling queue
================================================================================
âœ… AUTOMATION CYCLE COMPLETE
================================================================================

â° Next cycle in 300 seconds...


================================================================================
ğŸ”„ AUTOMATION CYCLE - 2026-01-06 13:11:24
================================================================================

ğŸ“‹ STEP 1: Cleaning up expired posts...
================================================================================
ğŸ—‘ï¸  POST CLEANUP - DELETING EXPIRED POSTS
================================================================================

âœ… No posts eligible for deletion (posts Posted less than 7 days ago)
================================================================================

ğŸ“‹ STEP 2: Maintaining Draft post inventory...
âœ… Inventory satisfied: 21 Draft posts (target: 21)
ğŸ“‹ STEP 3: Processing scheduling queue...
âœ… No posts in scheduling queue
================================================================================
âœ… AUTOMATION CYCLE COMPLETE
================================================================================

â° Next cycle in 300 seconds...


================================================================================
ğŸ”„ AUTOMATION CYCLE - 2026-01-06 13:16:35
================================================================================

ğŸ“‹ STEP 1: Cleaning up expired posts...
================================================================================
ğŸ—‘ï¸  POST CLEANUP - DELETING EXPIRED POSTS
================================================================================

âœ… No posts eligible for deletion (posts Posted less than 7 days ago)
================================================================================

ğŸ“‹ STEP 2: Maintaining Draft post inventory...
âœ… Inventory satisfied: 21 Draft posts (target: 21)
ğŸ“‹ STEP 3: Processing scheduling queue...
âœ… No posts in scheduling queue
================================================================================
âœ… AUTOMATION CYCLE COMPLETE
================================================================================

â° Next cycle in 300 seconds...


================================================================================
ğŸ”„ AUTOMATION CYCLE - 2026-01-06 13:21:38
================================================================================

ğŸ“‹ STEP 1: Cleaning up expired posts...
================================================================================
ğŸ—‘ï¸  POST CLEANUP - DELETING EXPIRED POSTS
================================================================================

âœ… No posts eligible for deletion (posts Posted less than 7 days ago)
================================================================================

ğŸ“‹ STEP 2: Maintaining Draft post inventory...
âœ… Inventory satisfied: 21 Draft posts (target: 21)
ğŸ“‹ STEP 3: Processing scheduling queue...
âœ… No posts in scheduling queue
================================================================================
âœ… AUTOMATION CYCLE COMPLETE
================================================================================

â° Next cycle in 300 seconds...


================================================================================
ğŸ”„ AUTOMATION CYCLE - 2026-01-06 13:26:42
================================================================================

ğŸ“‹ STEP 1: Cleaning up expired posts...
================================================================================
ğŸ—‘ï¸  POST CLEANUP - DELETING EXPIRED POSTS
================================================================================

âœ… No posts eligible for deletion (posts Posted less than 7 days ago)
================================================================================

ğŸ“‹ STEP 2: Maintaining Draft post inventory...
âœ… Inventory satisfied: 21 Draft posts (target: 21)
ğŸ“‹ STEP 3: Processing scheduling queue...
âœ… No posts in scheduling queue
================================================================================
âœ… AUTOMATION CYCLE COMPLETE
================================================================================

â° Next cycle in 300 seconds...


================================================================================
ğŸ”„ AUTOMATION CYCLE - 2026-01-06 13:31:46
================================================================================

ğŸ“‹ STEP 1: Cleaning up expired posts...
================================================================================
ğŸ—‘ï¸  POST CLEANUP - DELETING EXPIRED POSTS
================================================================================

âœ… No posts eligible for deletion (posts Posted less than 7 days ago)
================================================================================

ğŸ“‹ STEP 2: Maintaining Draft post inventory...
âœ… Inventory satisfied: 21 Draft posts (target: 21)
ğŸ“‹ STEP 3: Processing scheduling queue...
âœ… No posts in scheduling queue
================================================================================
âœ… AUTOMATION CYCLE COMPLETE
================================================================================

â° Next cycle in 300 seconds...


================================================================================
ğŸ”„ AUTOMATION CYCLE - 2026-01-06 13:36:53
================================================================================

ğŸ“‹ STEP 1: Cleaning up expired posts...
================================================================================
ğŸ—‘ï¸  POST CLEANUP - DELETING EXPIRED POSTS
================================================================================

âœ… No posts eligible for deletion (posts Posted less than 7 days ago)
================================================================================

ğŸ“‹ STEP 2: Maintaining Draft post inventory...
âœ… Inventory satisfied: 21 Draft posts (target: 21)
ğŸ“‹ STEP 3: Processing scheduling queue...
âœ… No posts in scheduling queue
================================================================================
âœ… AUTOMATION CYCLE COMPLETE
================================================================================

â° Next cycle in 300 seconds...


================================================================================
ğŸ”„ AUTOMATION CYCLE - 2026-01-06 13:41:58
================================================================================

ğŸ“‹ STEP 1: Cleaning up expired posts...
================================================================================
ğŸ—‘ï¸  POST CLEANUP - DELETING EXPIRED POSTS
================================================================================

âœ… No posts eligible for deletion (posts Posted less than 7 days ago)
================================================================================

ğŸ“‹ STEP 2: Maintaining Draft post inventory...
âœ… Inventory satisfied: 21 Draft posts (target: 21)
ğŸ“‹ STEP 3: Processing scheduling queue...
âœ… No posts in scheduling queue
================================================================================
âœ… AUTOMATION CYCLE COMPLETE
================================================================================

â° Next cycle in 300 seconds...


================================================================================
ğŸ”„ AUTOMATION CYCLE - 2026-01-06 13:47:01
================================================================================

ğŸ“‹ STEP 1: Cleaning up expired posts...
================================================================================
ğŸ—‘ï¸  POST CLEANUP - DELETING EXPIRED POSTS
================================================================================

âœ… No posts eligible for deletion (posts Posted less than 7 days ago)
================================================================================

ğŸ“‹ STEP 2: Maintaining Draft post inventory...
âœ… Inventory satisfied: 21 Draft posts (target: 21)
ğŸ“‹ STEP 3: Processing scheduling queue...
âœ… No posts in scheduling queue
================================================================================
âœ… AUTOMATION CYCLE COMPLETE
================================================================================

â° Next cycle in 300 seconds...


================================================================================
ğŸ”„ AUTOMATION CYCLE - 2026-01-06 13:52:04
================================================================================

ğŸ“‹ STEP 1: Cleaning up expired posts...
================================================================================
ğŸ—‘ï¸  POST CLEANUP - DELETING EXPIRED POSTS
================================================================================

âœ… No posts eligible for deletion (posts Posted less than 7 days ago)
================================================================================

ğŸ“‹ STEP 2: Maintaining Draft post inventory...
âœ… Inventory satisfied: 21 Draft posts (target: 21)
ğŸ“‹ STEP 3: Processing scheduling queue...
âœ… No posts in scheduling queue
================================================================================
âœ… AUTOMATION CYCLE COMPLETE
================================================================================

â° Next cycle in 300 seconds...


================================================================================
ğŸ”„ AUTOMATION CYCLE - 2026-01-06 13:57:07
================================================================================

ğŸ“‹ STEP 1: Cleaning up expired posts...
================================================================================
ğŸ—‘ï¸  POST CLEANUP - DELETING EXPIRED POSTS
================================================================================

âœ… No posts eligible for deletion (posts Posted less than 7 days ago)
================================================================================

ğŸ“‹ STEP 2: Maintaining Draft post inventory...
âœ… Inventory satisfied: 21 Draft posts (target: 21)
ğŸ“‹ STEP 3: Processing scheduling queue...
âœ… No posts in scheduling queue
================================================================================
âœ… AUTOMATION CYCLE COMPLETE
================================================================================

â° Next cycle in 300 seconds...


================================================================================
ğŸ”„ AUTOMATION CYCLE - 2026-01-06 14:02:10
================================================================================

ğŸ“‹ STEP 1: Cleaning up expired posts...
================================================================================
ğŸ—‘ï¸  POST CLEANUP - DELETING EXPIRED POSTS
================================================================================

âœ… No posts eligible for deletion (posts Posted less than 7 days ago)
================================================================================

ğŸ“‹ STEP 2: Maintaining Draft post inventory...
âœ… Inventory satisfied: 21 Draft posts (target: 21)
ğŸ“‹ STEP 3: Processing scheduling queue...
âœ… No posts in scheduling queue
================================================================================
âœ… AUTOMATION CYCLE COMPLETE
================================================================================

â° Next cycle in 300 seconds...


================================================================================
ğŸ”„ AUTOMATION CYCLE - 2026-01-06 14:07:14
================================================================================

ğŸ“‹ STEP 1: Cleaning up expired posts...
================================================================================
ğŸ—‘ï¸  POST CLEANUP - DELETING EXPIRED POSTS
================================================================================

âœ… No posts eligible for deletion (posts Posted less than 7 days ago)
================================================================================

ğŸ“‹ STEP 2: Maintaining Draft post inventory...
âœ… Inventory satisfied: 21 Draft posts (target: 21)
ğŸ“‹ STEP 3: Processing scheduling queue...
âœ… No posts in scheduling queue
================================================================================
âœ… AUTOMATION CYCLE COMPLETE
================================================================================

â° Next cycle in 300 seconds...


================================================================================
ğŸ”„ AUTOMATION CYCLE - 2026-01-06 14:12:18
================================================================================

ğŸ“‹ STEP 1: Cleaning up expired posts...
================================================================================
ğŸ—‘ï¸  POST CLEANUP - DELETING EXPIRED POSTS
================================================================================

âœ… No posts eligible for deletion (posts Posted less than 7 days ago)
================================================================================

ğŸ“‹ STEP 2: Maintaining Draft post inventory...
âœ… Inventory satisfied: 21 Draft posts (target: 21)
ğŸ“‹ STEP 3: Processing scheduling queue...
âœ… No posts in scheduling queue
================================================================================
âœ… AUTOMATION CYCLE COMPLETE
================================================================================

â° Next cycle in 300 seconds...


================================================================================
ğŸ”„ AUTOMATION CYCLE - 2026-01-06 14:17:23
================================================================================

ğŸ“‹ STEP 1: Cleaning up expired posts...
================================================================================
ğŸ—‘ï¸  POST CLEANUP - DELETING EXPIRED POSTS
================================================================================

âœ… No posts eligible for deletion (posts Posted less than 7 days ago)
================================================================================

ğŸ“‹ STEP 2: Maintaining Draft post inventory...
âœ… Inventory satisfied: 21 Draft posts (target: 21)
ğŸ“‹ STEP 3: Processing scheduling queue...
âœ… No posts in scheduling queue
================================================================================
âœ… AUTOMATION CYCLE COMPLETE
================================================================================

â° Next cycle in 300 seconds...


================================================================================
ğŸ”„ AUTOMATION CYCLE - 2026-01-06 14:22:41
================================================================================

ğŸ“‹ STEP 1: Cleaning up expired posts...
================================================================================
ğŸ—‘ï¸  POST CLEANUP - DELETING EXPIRED POSTS
================================================================================

âœ… No posts eligible for deletion (posts Posted less than 7 days ago)
================================================================================

ğŸ“‹ STEP 2: Maintaining Draft post inventory...
âœ… Inventory satisfied: 21 Draft posts (target: 21)
ğŸ“‹ STEP 3: Processing scheduling queue...
âœ… No posts in scheduling queue
================================================================================
âœ… AUTOMATION CYCLE COMPLETE
================================================================================

â° Next cycle in 300 seconds...


================================================================================
ğŸ”„ AUTOMATION CYCLE - 2026-01-06 14:27:44
================================================================================

ğŸ“‹ STEP 1: Cleaning up expired posts...
================================================================================
ğŸ—‘ï¸  POST CLEANUP - DELETING EXPIRED POSTS
================================================================================

âœ… No posts eligible for deletion (posts Posted less than 7 days ago)
================================================================================

ğŸ“‹ STEP 2: Maintaining Draft post inventory...
âœ… Inventory satisfied: 21 Draft posts (target: 21)
ğŸ“‹ STEP 3: Processing scheduling queue...
âœ… No posts in scheduling queue
================================================================================
âœ… AUTOMATION CYCLE COMPLETE
================================================================================

â° Next cycle in 300 seconds...


================================================================================
ğŸ”„ AUTOMATION CYCLE - 2026-01-06 14:32:47
================================================================================

ğŸ“‹ STEP 1: Cleaning up expired posts...
================================================================================
ğŸ—‘ï¸  POST CLEANUP - DELETING EXPIRED POSTS
================================================================================

âœ… No posts eligible for deletion (posts Posted less than 7 days ago)
================================================================================

ğŸ“‹ STEP 2: Maintaining Draft post inventory...
âœ… Inventory satisfied: 21 Draft posts (target: 21)
ğŸ“‹ STEP 3: Processing scheduling queue...
âœ… No posts in scheduling queue
================================================================================
âœ… AUTOMATION CYCLE COMPLETE
================================================================================

â° Next cycle in 300 seconds...


================================================================================
ğŸ”„ AUTOMATION CYCLE - 2026-01-06 14:37:52
================================================================================

ğŸ“‹ STEP 1: Cleaning up expired posts...
================================================================================
ğŸ—‘ï¸  POST CLEANUP - DELETING EXPIRED POSTS
================================================================================

âœ… No posts eligible for deletion (posts Posted less than 7 days ago)
================================================================================

ğŸ“‹ STEP 2: Maintaining Draft post inventory...
âœ… Inventory satisfied: 21 Draft posts (target: 21)
ğŸ“‹ STEP 3: Processing scheduling queue...
âœ… No posts in scheduling queue
================================================================================
âœ… AUTOMATION CYCLE COMPLETE
================================================================================

â° Next cycle in 300 seconds...


================================================================================
ğŸ”„ AUTOMATION CYCLE - 2026-01-06 14:42:56
================================================================================

ğŸ“‹ STEP 1: Cleaning up expired posts...
================================================================================
ğŸ—‘ï¸  POST CLEANUP - DELETING EXPIRED POSTS
================================================================================

âœ… No posts eligible for deletion (posts Posted less than 7 days ago)
================================================================================

ğŸ“‹ STEP 2: Maintaining Draft post inventory...
âœ… Inventory satisfied: 21 Draft posts (target: 21)
ğŸ“‹ STEP 3: Processing scheduling queue...
âœ… No posts in scheduling queue
================================================================================
âœ… AUTOMATION CYCLE COMPLETE
================================================================================

â° Next cycle in 300 seconds...


================================================================================
ğŸ”„ AUTOMATION CYCLE - 2026-01-06 14:47:59
================================================================================

ğŸ“‹ STEP 1: Cleaning up expired posts...
================================================================================
ğŸ—‘ï¸  POST CLEANUP - DELETING EXPIRED POSTS
================================================================================

âœ… No posts eligible for deletion (posts Posted less than 7 days ago)
================================================================================

ğŸ“‹ STEP 2: Maintaining Draft post inventory...
âœ… Inventory satisfied: 21 Draft posts (target: 21)
ğŸ“‹ STEP 3: Processing scheduling queue...
âœ… No posts in scheduling queue
================================================================================
âœ… AUTOMATION CYCLE COMPLETE
================================================================================

â° Next cycle in 300 seconds...


================================================================================
ğŸ”„ AUTOMATION CYCLE - 2026-01-06 14:53:05
================================================================================

ğŸ“‹ STEP 1: Cleaning up expired posts...
================================================================================
ğŸ—‘ï¸  POST CLEANUP - DELETING EXPIRED POSTS
================================================================================

âœ… No posts eligible for deletion (posts Posted less than 7 days ago)
================================================================================

ğŸ“‹ STEP 2: Maintaining Draft post inventory...
âœ… Inventory satisfied: 21 Draft posts (target: 21)
ğŸ“‹ STEP 3: Processing scheduling queue...
âœ… No posts in scheduling queue
================================================================================
âœ… AUTOMATION CYCLE COMPLETE
================================================================================

â° Next cycle in 300 seconds...


================================================================================
ğŸ”„ AUTOMATION CYCLE - 2026-01-06 14:58:56
================================================================================

ğŸ“‹ STEP 1: Cleaning up expired posts...
================================================================================
ğŸ—‘ï¸  POST CLEANUP - DELETING EXPIRED POSTS
================================================================================

âœ… No posts eligible for deletion (posts Posted less than 7 days ago)
================================================================================

ğŸ“‹ STEP 2: Maintaining Draft post inventory...
âœ… Inventory satisfied: 21 Draft posts (target: 21)
ğŸ“‹ STEP 3: Processing scheduling queue...
âœ… No posts in scheduling queue
================================================================================
âœ… AUTOMATION CYCLE COMPLETE
================================================================================

â° Next cycle in 300 seconds...


================================================================================
ğŸ”„ AUTOMATION CYCLE - 2026-01-06 15:04:03
================================================================================

ğŸ“‹ STEP 1: Cleaning up expired posts...
================================================================================
ğŸ—‘ï¸  POST CLEANUP - DELETING EXPIRED POSTS
================================================================================

âœ… No posts eligible for deletion (posts Posted less than 7 days ago)
================================================================================

ğŸ“‹ STEP 2: Maintaining Draft post inventory...
âœ… Inventory satisfied: 21 Draft posts (target: 21)
ğŸ“‹ STEP 3: Processing scheduling queue...
âœ… No posts in scheduling queue
================================================================================
âœ… AUTOMATION CYCLE COMPLETE
================================================================================

â° Next cycle in 300 seconds...


================================================================================
ğŸ”„ AUTOMATION CYCLE - 2026-01-06 15:09:06
================================================================================

ğŸ“‹ STEP 1: Cleaning up expired posts...
================================================================================
ğŸ—‘ï¸  POST CLEANUP - DELETING EXPIRED POSTS
================================================================================

âœ… No posts eligible for deletion (posts Posted less than 7 days ago)
================================================================================

ğŸ“‹ STEP 2: Maintaining Draft post inventory...
âœ… Inventory satisfied: 21 Draft posts (target: 21)
ğŸ“‹ STEP 3: Processing scheduling queue...
âœ… No posts in scheduling queue
================================================================================
âœ… AUTOMATION CYCLE COMPLETE
================================================================================

â° Next cycle in 300 seconds...


================================================================================
ğŸ”„ AUTOMATION CYCLE - 2026-01-06 15:14:14
================================================================================

ğŸ“‹ STEP 1: Cleaning up expired posts...
================================================================================
ğŸ—‘ï¸  POST CLEANUP - DELETING EXPIRED POSTS
================================================================================

âœ… No posts eligible for deletion (posts Posted less than 7 days ago)
================================================================================

ğŸ“‹ STEP 2: Maintaining Draft post inventory...
âœ… Inventory satisfied: 21 Draft posts (target: 21)
ğŸ“‹ STEP 3: Processing scheduling queue...
âœ… No posts in scheduling queue
================================================================================
âœ… AUTOMATION CYCLE COMPLETE
================================================================================

â° Next cycle in 300 seconds...


================================================================================
ğŸ”„ AUTOMATION CYCLE - 2026-01-06 15:19:20
================================================================================

ğŸ“‹ STEP 1: Cleaning up expired posts...
================================================================================
ğŸ—‘ï¸  POST CLEANUP - DELETING EXPIRED POSTS
================================================================================

âœ… No posts eligible for deletion (posts Posted less than 7 days ago)
================================================================================

ğŸ“‹ STEP 2: Maintaining Draft post inventory...
âœ… Inventory satisfied: 21 Draft posts (target: 21)
ğŸ“‹ STEP 3: Processing scheduling queue...
âœ… No posts in scheduling queue
================================================================================
âœ… AUTOMATION CYCLE COMPLETE
================================================================================

â° Next cycle in 300 seconds...


================================================================================
ğŸ”„ AUTOMATION CYCLE - 2026-01-06 15:24:38
================================================================================

ğŸ“‹ STEP 1: Cleaning up expired posts...
================================================================================
ğŸ—‘ï¸  POST CLEANUP - DELETING EXPIRED POSTS
================================================================================

âœ… No posts eligible for deletion (posts Posted less than 7 days ago)
================================================================================

ğŸ“‹ STEP 2: Maintaining Draft post inventory...
âœ… Inventory satisfied: 21 Draft posts (target: 21)
ğŸ“‹ STEP 3: Processing scheduling queue...
âœ… No posts in scheduling queue
================================================================================
âœ… AUTOMATION CYCLE COMPLETE
================================================================================

â° Next cycle in 300 seconds...


================================================================================
ğŸ”„ AUTOMATION CYCLE - 2026-01-06 15:29:50
================================================================================

ğŸ“‹ STEP 1: Cleaning up expired posts...
================================================================================
ğŸ—‘ï¸  POST CLEANUP - DELETING EXPIRED POSTS
================================================================================

âœ… No posts eligible for deletion (posts Posted less than 7 days ago)
================================================================================

ğŸ“‹ STEP 2: Maintaining Draft post inventory...
âœ… Inventory satisfied: 21 Draft posts (target: 21)
ğŸ“‹ STEP 3: Processing scheduling queue...
âœ… No posts in scheduling queue
================================================================================
âœ… AUTOMATION CYCLE COMPLETE
================================================================================

â° Next cycle in 300 seconds...


================================================================================
ğŸ”„ AUTOMATION CYCLE - 2026-01-06 15:34:53
================================================================================

ğŸ“‹ STEP 1: Cleaning up expired posts...
================================================================================
ğŸ—‘ï¸  POST CLEANUP - DELETING EXPIRED POSTS
================================================================================

âœ… No posts eligible for deletion (posts Posted less than 7 days ago)
================================================================================

ğŸ“‹ STEP 2: Maintaining Draft post inventory...
âœ… Inventory satisfied: 21 Draft posts (target: 21)
ğŸ“‹ STEP 3: Processing scheduling queue...
âœ… No posts in scheduling queue
================================================================================
âœ… AUTOMATION CYCLE COMPLETE
================================================================================

â° Next cycle in 300 seconds...


================================================================================
ğŸ”„ AUTOMATION CYCLE - 2026-01-06 15:40:03
================================================================================

ğŸ“‹ STEP 1: Cleaning up expired posts...
================================================================================
ğŸ—‘ï¸  POST CLEANUP - DELETING EXPIRED POSTS
================================================================================

âœ… No posts eligible for deletion (posts Posted less than 7 days ago)
================================================================================

ğŸ“‹ STEP 2: Maintaining Draft post inventory...
âœ… Inventory satisfied: 21 Draft posts (target: 21)
ğŸ“‹ STEP 3: Processing scheduling queue...
âœ… No posts in scheduling queue
================================================================================
âœ… AUTOMATION CYCLE COMPLETE
================================================================================

â° Next cycle in 300 seconds...


================================================================================
ğŸ”„ AUTOMATION CYCLE - 2026-01-06 15:45:08
================================================================================

ğŸ“‹ STEP 1: Cleaning up expired posts...
================================================================================
ğŸ—‘ï¸  POST CLEANUP - DELETING EXPIRED POSTS
================================================================================

âœ… No posts eligible for deletion (posts Posted less than 7 days ago)
================================================================================

ğŸ“‹ STEP 2: Maintaining Draft post inventory...
âœ… Inventory satisfied: 21 Draft posts (target: 21)
ğŸ“‹ STEP 3: Processing scheduling queue...
âœ… No posts in scheduling queue
================================================================================
âœ… AUTOMATION CYCLE COMPLETE
================================================================================

â° Next cycle in 300 seconds...


================================================================================
ğŸ”„ AUTOMATION CYCLE - 2026-01-06 15:50:14
================================================================================

ğŸ“‹ STEP 1: Cleaning up expired posts...
================================================================================
ğŸ—‘ï¸  POST CLEANUP - DELETING EXPIRED POSTS
================================================================================

âœ… No posts eligible for deletion (posts Posted less than 7 days ago)
================================================================================

ğŸ“‹ STEP 2: Maintaining Draft post inventory...
âœ… Inventory satisfied: 21 Draft posts (target: 21)
ğŸ“‹ STEP 3: Processing scheduling queue...
âœ… No posts in scheduling queue
================================================================================
âœ… AUTOMATION CYCLE COMPLETE
================================================================================

â° Next cycle in 300 seconds...


================================================================================
ğŸ”„ AUTOMATION CYCLE - 2026-01-06 15:55:20
================================================================================

ğŸ“‹ STEP 1: Cleaning up expired posts...
================================================================================
ğŸ—‘ï¸  POST CLEANUP - DELETING EXPIRED POSTS
================================================================================

âœ… No posts eligible for deletion (posts Posted less than 7 days ago)
================================================================================

ğŸ“‹ STEP 2: Maintaining Draft post inventory...
âœ… Inventory satisfied: 21 Draft posts (target: 21)
ğŸ“‹ STEP 3: Processing scheduling queue...
âœ… No posts in scheduling queue
================================================================================
âœ… AUTOMATION CYCLE COMPLETE
================================================================================

â° Next cycle in 300 seconds...


================================================================================
ğŸ”„ AUTOMATION CYCLE - 2026-01-06 16:00:33
================================================================================

ğŸ“‹ STEP 1: Cleaning up expired posts...
================================================================================
ğŸ—‘ï¸  POST CLEANUP - DELETING EXPIRED POSTS
================================================================================

âœ… No posts eligible for deletion (posts Posted less than 7 days ago)
================================================================================

ğŸ“‹ STEP 2: Maintaining Draft post inventory...
âœ… Inventory satisfied: 21 Draft posts (target: 21)
ğŸ“‹ STEP 3: Processing scheduling queue...
âœ… No posts in scheduling queue
================================================================================
âœ… AUTOMATION CYCLE COMPLETE
================================================================================

â° Next cycle in 300 seconds...


================================================================================
ğŸ”„ AUTOMATION CYCLE - 2026-01-06 16:05:38
================================================================================

ğŸ“‹ STEP 1: Cleaning up expired posts...
================================================================================
ğŸ—‘ï¸  POST CLEANUP - DELETING EXPIRED POSTS
================================================================================

âœ… No posts eligible for deletion (posts Posted less than 7 days ago)
================================================================================

ğŸ“‹ STEP 2: Maintaining Draft post inventory...
âœ… Inventory satisfied: 21 Draft posts (target: 21)
ğŸ“‹ STEP 3: Processing scheduling queue...
âœ… No posts in scheduling queue
================================================================================
âœ… AUTOMATION CYCLE COMPLETE
================================================================================

â° Next cycle in 300 seconds...


================================================================================
ğŸ”„ AUTOMATION CYCLE - 2026-01-06 16:10:54
================================================================================

ğŸ“‹ STEP 1: Cleaning up expired posts...
================================================================================
ğŸ—‘ï¸  POST CLEANUP - DELETING EXPIRED POSTS
================================================================================

âœ… No posts eligible for deletion (posts Posted less than 7 days ago)
================================================================================

ğŸ“‹ STEP 2: Maintaining Draft post inventory...
âœ… Inventory satisfied: 21 Draft posts (target: 21)
ğŸ“‹ STEP 3: Processing scheduling queue...
âœ… No posts in scheduling queue
================================================================================
âœ… AUTOMATION CYCLE COMPLETE
================================================================================

â° Next cycle in 300 seconds...


================================================================================
ğŸ”„ AUTOMATION CYCLE - 2026-01-06 16:15:59
================================================================================

ğŸ“‹ STEP 1: Cleaning up expired posts...
================================================================================
ğŸ—‘ï¸  POST CLEANUP - DELETING EXPIRED POSTS
================================================================================

âœ… No posts eligible for deletion (posts Posted less than 7 days ago)
================================================================================

ğŸ“‹ STEP 2: Maintaining Draft post inventory...
âœ… Inventory satisfied: 21 Draft posts (target: 21)
ğŸ“‹ STEP 3: Processing scheduling queue...
âœ… No posts in scheduling queue
================================================================================
âœ… AUTOMATION CYCLE COMPLETE
================================================================================

â° Next cycle in 300 seconds...


================================================================================
ğŸ”„ AUTOMATION CYCLE - 2026-01-06 16:21:03
================================================================================

ğŸ“‹ STEP 1: Cleaning up expired posts...
================================================================================
ğŸ—‘ï¸  POST CLEANUP - DELETING EXPIRED POSTS
================================================================================

âœ… No posts eligible for deletion (posts Posted less than 7 days ago)
================================================================================

ğŸ“‹ STEP 2: Maintaining Draft post inventory...
âœ… Inventory satisfied: 21 Draft posts (target: 21)
ğŸ“‹ STEP 3: Processing scheduling queue...
âœ… No posts in scheduling queue
================================================================================
âœ… AUTOMATION CYCLE COMPLETE
================================================================================

â° Next cycle in 300 seconds...


================================================================================
ğŸ”„ AUTOMATION CYCLE - 2026-01-06 16:26:07
================================================================================

ğŸ“‹ STEP 1: Cleaning up expired posts...
================================================================================
ğŸ—‘ï¸  POST CLEANUP - DELETING EXPIRED POSTS
================================================================================

âœ… No posts eligible for deletion (posts Posted less than 7 days ago)
================================================================================

ğŸ“‹ STEP 2: Maintaining Draft post inventory...
âœ… Inventory satisfied: 21 Draft posts (target: 21)
ğŸ“‹ STEP 3: Processing scheduling queue...
âœ… No posts in scheduling queue
================================================================================
âœ… AUTOMATION CYCLE COMPLETE
================================================================================

â° Next cycle in 300 seconds...


================================================================================
ğŸ”„ AUTOMATION CYCLE - 2026-01-06 16:31:10
================================================================================

ğŸ“‹ STEP 1: Cleaning up expired posts...
================================================================================
ğŸ—‘ï¸  POST CLEANUP - DELETING EXPIRED POSTS
================================================================================

âœ… No posts eligible for deletion (posts Posted less than 7 days ago)
================================================================================

ğŸ“‹ STEP 2: Maintaining Draft post inventory...
âœ… Inventory satisfied: 21 Draft posts (target: 21)
ğŸ“‹ STEP 3: Processing scheduling queue...
âœ… No posts in scheduling queue
================================================================================
âœ… AUTOMATION CYCLE COMPLETE
================================================================================

â° Next cycle in 300 seconds...


================================================================================
ğŸ”„ AUTOMATION CYCLE - 2026-01-06 16:36:13
================================================================================

ğŸ“‹ STEP 1: Cleaning up expired posts...
================================================================================
ğŸ—‘ï¸  POST CLEANUP - DELETING EXPIRED POSTS
================================================================================

âœ… No posts eligible for deletion (posts Posted less than 7 days ago)
================================================================================

ğŸ“‹ STEP 2: Maintaining Draft post inventory...
âœ… Inventory satisfied: 21 Draft posts (target: 21)
ğŸ“‹ STEP 3: Processing scheduling queue...
âœ… No posts in scheduling queue
================================================================================
âœ… AUTOMATION CYCLE COMPLETE
================================================================================

â° Next cycle in 300 seconds...


================================================================================
ğŸ”„ AUTOMATION CYCLE - 2026-01-06 16:41:16
================================================================================

ğŸ“‹ STEP 1: Cleaning up expired posts...
================================================================================
ğŸ—‘ï¸  POST CLEANUP - DELETING EXPIRED POSTS
================================================================================

âœ… No posts eligible for deletion (posts Posted less than 7 days ago)
================================================================================

ğŸ“‹ STEP 2: Maintaining Draft post inventory...
âœ… Inventory satisfied: 21 Draft posts (target: 21)
ğŸ“‹ STEP 3: Processing scheduling queue...
âœ… No posts in scheduling queue
================================================================================
âœ… AUTOMATION CYCLE COMPLETE
================================================================================

â° Next cycle in 300 seconds...


================================================================================
ğŸ”„ AUTOMATION CYCLE - 2026-01-06 16:46:21
================================================================================

ğŸ“‹ STEP 1: Cleaning up expired posts...
================================================================================
ğŸ—‘ï¸  POST CLEANUP - DELETING EXPIRED POSTS
================================================================================

âœ… No posts eligible for deletion (posts Posted less than 7 days ago)
================================================================================

ğŸ“‹ STEP 2: Maintaining Draft post inventory...
âœ… Inventory satisfied: 21 Draft posts (target: 21)
ğŸ“‹ STEP 3: Processing scheduling queue...
âœ… No posts in scheduling queue
================================================================================
âœ… AUTOMATION CYCLE COMPLETE
================================================================================

â° Next cycle in 300 seconds...


================================================================================
ğŸ”„ AUTOMATION CYCLE - 2026-01-06 16:51:28
================================================================================

ğŸ“‹ STEP 1: Cleaning up expired posts...
================================================================================
ğŸ—‘ï¸  POST CLEANUP - DELETING EXPIRED POSTS
================================================================================

âœ… No posts eligible for deletion (posts Posted less than 7 days ago)
================================================================================

ğŸ“‹ STEP 2: Maintaining Draft post inventory...
âœ… Inventory satisfied: 21 Draft posts (target: 21)
ğŸ“‹ STEP 3: Processing scheduling queue...
âœ… No posts in scheduling queue
================================================================================
âœ… AUTOMATION CYCLE COMPLETE
================================================================================

â° Next cycle in 300 seconds...


================================================================================
ğŸ”„ AUTOMATION CYCLE - 2026-01-06 17:02:05
================================================================================

ğŸ“‹ STEP 1: Cleaning up expired posts...
================================================================================
ğŸ—‘ï¸  POST CLEANUP - DELETING EXPIRED POSTS
================================================================================

âœ… No posts eligible for deletion (posts Posted less than 7 days ago)
================================================================================

ğŸ“‹ STEP 2: Maintaining Draft post inventory...
âœ… Inventory satisfied: 21 Draft posts (target: 21)
ğŸ“‹ STEP 3: Processing scheduling queue...
âœ… No posts in scheduling queue
================================================================================
âœ… AUTOMATION CYCLE COMPLETE
================================================================================

â° Next cycle in 300 seconds...


================================================================================
ğŸ”„ AUTOMATION CYCLE - 2026-01-06 17:07:20
================================================================================

ğŸ“‹ STEP 1: Cleaning up expired posts...
================================================================================
ğŸ—‘ï¸  POST CLEANUP - DELETING EXPIRED POSTS
================================================================================

âœ… No posts eligible for deletion (posts Posted less than 7 days ago)
================================================================================

ğŸ“‹ STEP 2: Maintaining Draft post inventory...
âœ… Inventory satisfied: 21 Draft posts (target: 21)
ğŸ“‹ STEP 3: Processing scheduling queue...
âœ… No posts in scheduling queue
================================================================================
âœ… AUTOMATION CYCLE COMPLETE
================================================================================

â° Next cycle in 300 seconds...


================================================================================
ğŸ”„ AUTOMATION CYCLE - 2026-01-06 17:12:23
================================================================================

ğŸ“‹ STEP 1: Cleaning up expired posts...
================================================================================
ğŸ—‘ï¸  POST CLEANUP - DELETING EXPIRED POSTS
================================================================================

âœ… No posts eligible for deletion (posts Posted less than 7 days ago)
================================================================================

ğŸ“‹ STEP 2: Maintaining Draft post inventory...
âœ… Inventory satisfied: 21 Draft posts (target: 21)
ğŸ“‹ STEP 3: Processing scheduling queue...
âœ… No posts in scheduling queue
================================================================================
âœ… AUTOMATION CYCLE COMPLETE
================================================================================

â° Next cycle in 300 seconds...


================================================================================
ğŸ”„ AUTOMATION CYCLE - 2026-01-06 17:17:27
================================================================================

ğŸ“‹ STEP 1: Cleaning up expired posts...
================================================================================
ğŸ—‘ï¸  POST CLEANUP - DELETING EXPIRED POSTS
================================================================================

âœ… No posts eligible for deletion (posts Posted less than 7 days ago)
================================================================================

ğŸ“‹ STEP 2: Maintaining Draft post inventory...
âœ… Inventory satisfied: 21 Draft posts (target: 21)
ğŸ“‹ STEP 3: Processing scheduling queue...
âœ… No posts in scheduling queue
================================================================================
âœ… AUTOMATION CYCLE COMPLETE
================================================================================

â° Next cycle in 300 seconds...


================================================================================
ğŸ”„ AUTOMATION CYCLE - 2026-01-06 17:22:30
================================================================================

ğŸ“‹ STEP 1: Cleaning up expired posts...
================================================================================
ğŸ—‘ï¸  POST CLEANUP - DELETING EXPIRED POSTS
================================================================================

âœ… No posts eligible for deletion (posts Posted less than 7 days ago)
================================================================================

ğŸ“‹ STEP 2: Maintaining Draft post inventory...
âœ… Inventory satisfied: 21 Draft posts (target: 21)
ğŸ“‹ STEP 3: Processing scheduling queue...
âœ… No posts in scheduling queue
================================================================================
âœ… AUTOMATION CYCLE COMPLETE
================================================================================

â° Next cycle in 300 seconds...


================================================================================
ğŸ”„ AUTOMATION CYCLE - 2026-01-06 17:27:33
================================================================================

ğŸ“‹ STEP 1: Cleaning up expired posts...
================================================================================
ğŸ—‘ï¸  POST CLEANUP - DELETING EXPIRED POSTS
================================================================================

âœ… No posts eligible for deletion (posts Posted less than 7 days ago)
================================================================================

ğŸ“‹ STEP 2: Maintaining Draft post inventory...
âœ… Inventory satisfied: 21 Draft posts (target: 21)
ğŸ“‹ STEP 3: Processing scheduling queue...
âœ… No posts in scheduling queue
================================================================================
âœ… AUTOMATION CYCLE COMPLETE
================================================================================

â° Next cycle in 300 seconds...


================================================================================
ğŸ”„ AUTOMATION CYCLE - 2026-01-06 17:32:38
================================================================================

ğŸ“‹ STEP 1: Cleaning up expired posts...
================================================================================
ğŸ—‘ï¸  POST CLEANUP - DELETING EXPIRED POSTS
================================================================================

âœ… No posts eligible for deletion (posts Posted less than 7 days ago)
================================================================================

ğŸ“‹ STEP 2: Maintaining Draft post inventory...
âœ… Inventory satisfied: 21 Draft posts (target: 21)
ğŸ“‹ STEP 3: Processing scheduling queue...
âœ… No posts in scheduling queue
================================================================================
âœ… AUTOMATION CYCLE COMPLETE
================================================================================

â° Next cycle in 300 seconds...


================================================================================
ğŸ”„ AUTOMATION CYCLE - 2026-01-06 17:37:41
================================================================================

ğŸ“‹ STEP 1: Cleaning up expired posts...
================================================================================
ğŸ—‘ï¸  POST CLEANUP - DELETING EXPIRED POSTS
================================================================================

âœ… No posts eligible for deletion (posts Posted less than 7 days ago)
================================================================================

ğŸ“‹ STEP 2: Maintaining Draft post inventory...
âœ… Inventory satisfied: 21 Draft posts (target: 21)
ğŸ“‹ STEP 3: Processing scheduling queue...
âœ… No posts in scheduling queue
================================================================================
âœ… AUTOMATION CYCLE COMPLETE
================================================================================

â° Next cycle in 300 seconds...


================================================================================
ğŸ”„ AUTOMATION CYCLE - 2026-01-06 17:42:44
================================================================================

ğŸ“‹ STEP 1: Cleaning up expired posts...
================================================================================
ğŸ—‘ï¸  POST CLEANUP - DELETING EXPIRED POSTS
================================================================================

âœ… No posts eligible for deletion (posts Posted less than 7 days ago)
================================================================================

ğŸ“‹ STEP 2: Maintaining Draft post inventory...
âœ… Inventory satisfied: 21 Draft posts (target: 21)
ğŸ“‹ STEP 3: Processing scheduling queue...
âœ… No posts in scheduling queue
================================================================================
âœ… AUTOMATION CYCLE COMPLETE
================================================================================

â° Next cycle in 300 seconds...


================================================================================
ğŸ”„ AUTOMATION CYCLE - 2026-01-06 17:47:49
================================================================================

ğŸ“‹ STEP 1: Cleaning up expired posts...
================================================================================
ğŸ—‘ï¸  POST CLEANUP - DELETING EXPIRED POSTS
================================================================================

âœ… No posts eligible for deletion (posts Posted less than 7 days ago)
================================================================================

ğŸ“‹ STEP 2: Maintaining Draft post inventory...
âœ… Inventory satisfied: 21 Draft posts (target: 21)
ğŸ“‹ STEP 3: Processing scheduling queue...
âœ… No posts in scheduling queue
================================================================================
âœ… AUTOMATION CYCLE COMPLETE
================================================================================

â° Next cycle in 300 seconds...


================================================================================
ğŸ”„ AUTOMATION CYCLE - 2026-01-06 17:52:54
================================================================================

ğŸ“‹ STEP 1: Cleaning up expired posts...
================================================================================
ğŸ—‘ï¸  POST CLEANUP - DELETING EXPIRED POSTS
================================================================================

âœ… No posts eligible for deletion (posts Posted less than 7 days ago)
================================================================================

ğŸ“‹ STEP 2: Maintaining Draft post inventory...
âœ… Inventory satisfied: 21 Draft posts (target: 21)
ğŸ“‹ STEP 3: Processing scheduling queue...
âœ… No posts in scheduling queue
================================================================================
âœ… AUTOMATION CYCLE COMPLETE
================================================================================

â° Next cycle in 300 seconds...


================================================================================
ğŸ”„ AUTOMATION CYCLE - 2026-01-06 17:57:58
================================================================================

ğŸ“‹ STEP 1: Cleaning up expired posts...
================================================================================
ğŸ—‘ï¸  POST CLEANUP - DELETING EXPIRED POSTS
================================================================================

âœ… No posts eligible for deletion (posts Posted less than 7 days ago)
================================================================================

ğŸ“‹ STEP 2: Maintaining Draft post inventory...
âœ… Inventory satisfied: 21 Draft posts (target: 21)
ğŸ“‹ STEP 3: Processing scheduling queue...
âœ… No posts in scheduling queue
================================================================================
âœ… AUTOMATION CYCLE COMPLETE
================================================================================

â° Next cycle in 300 seconds...


================================================================================
ğŸ”„ AUTOMATION CYCLE - 2026-01-06 18:03:02
================================================================================

ğŸ“‹ STEP 1: Cleaning up expired posts...
================================================================================
ğŸ—‘ï¸  POST CLEANUP - DELETING EXPIRED POSTS
================================================================================

âœ… No posts eligible for deletion (posts Posted less than 7 days ago)
================================================================================

ğŸ“‹ STEP 2: Maintaining Draft post inventory...
âœ… Inventory satisfied: 21 Draft posts (target: 21)
ğŸ“‹ STEP 3: Processing scheduling queue...
âœ… No posts in scheduling queue
================================================================================
âœ… AUTOMATION CYCLE COMPLETE
================================================================================

â° Next cycle in 300 seconds...


================================================================================
ğŸ”„ AUTOMATION CYCLE - 2026-01-06 18:08:05
================================================================================

ğŸ“‹ STEP 1: Cleaning up expired posts...
================================================================================
ğŸ—‘ï¸  POST CLEANUP - DELETING EXPIRED POSTS
================================================================================

âœ… No posts eligible for deletion (posts Posted less than 7 days ago)
================================================================================

ğŸ“‹ STEP 2: Maintaining Draft post inventory...
âœ… Inventory satisfied: 21 Draft posts (target: 21)
ğŸ“‹ STEP 3: Processing scheduling queue...
âœ… No posts in scheduling queue
================================================================================
âœ… AUTOMATION CYCLE COMPLETE
================================================================================

â° Next cycle in 300 seconds...


================================================================================
ğŸ”„ AUTOMATION CYCLE - 2026-01-06 18:13:09
================================================================================

ğŸ“‹ STEP 1: Cleaning up expired posts...
================================================================================
ğŸ—‘ï¸  POST CLEANUP - DELETING EXPIRED POSTS
================================================================================

âœ… No posts eligible for deletion (posts Posted less than 7 days ago)
================================================================================

ğŸ“‹ STEP 2: Maintaining Draft post inventory...
âœ… Inventory satisfied: 21 Draft posts (target: 21)
ğŸ“‹ STEP 3: Processing scheduling queue...
âœ… No posts in scheduling queue
================================================================================
âœ… AUTOMATION CYCLE COMPLETE
================================================================================

â° Next cycle in 300 seconds...


================================================================================
ğŸ”„ AUTOMATION CYCLE - 2026-01-06 18:18:13
================================================================================

ğŸ“‹ STEP 1: Cleaning up expired posts...
================================================================================
ğŸ—‘ï¸  POST CLEANUP - DELETING EXPIRED POSTS
================================================================================

âœ… No posts eligible for deletion (posts Posted less than 7 days ago)
================================================================================

ğŸ“‹ STEP 2: Maintaining Draft post inventory...
âœ… Inventory satisfied: 21 Draft posts (target: 21)
ğŸ“‹ STEP 3: Processing scheduling queue...
âœ… No posts in scheduling queue
================================================================================
âœ… AUTOMATION CYCLE COMPLETE
================================================================================

â° Next cycle in 300 seconds...


================================================================================
ğŸ”„ AUTOMATION CYCLE - 2026-01-06 18:23:20
================================================================================

ğŸ“‹ STEP 1: Cleaning up expired posts...
================================================================================
ğŸ—‘ï¸  POST CLEANUP - DELETING EXPIRED POSTS
================================================================================

âœ… No posts eligible for deletion (posts Posted less than 7 days ago)
================================================================================

ğŸ“‹ STEP 2: Maintaining Draft post inventory...
âœ… Inventory satisfied: 21 Draft posts (target: 21)
ğŸ“‹ STEP 3: Processing scheduling queue...
âœ… No posts in scheduling queue
================================================================================
âœ… AUTOMATION CYCLE COMPLETE
================================================================================

â° Next cycle in 300 seconds...


================================================================================
ğŸ”„ AUTOMATION CYCLE - 2026-01-06 18:28:22
================================================================================

ğŸ“‹ STEP 1: Cleaning up expired posts...
================================================================================
ğŸ—‘ï¸  POST CLEANUP - DELETING EXPIRED POSTS
================================================================================

Traceback (most recent call last):
  File "/Users/musacomma/Library/Python/3.9/lib/python/site-packages/urllib3/connection.py", line 198, in _new_conn
    sock = connection.create_connection(
  File "/Users/musacomma/Library/Python/3.9/lib/python/site-packages/urllib3/util/connection.py", line 85, in create_connection
    raise err
  File "/Users/musacomma/Library/Python/3.9/lib/python/site-packages/urllib3/util/connection.py", line 73, in create_connection
    sock.connect(sa)
ConnectionRefusedError: [Errno 61] Connection refused

The above exception was the direct cause of the following exception:

Traceback (most recent call last):
  File "/Users/musacomma/Library/Python/3.9/lib/python/site-packages/urllib3/connectionpool.py", line 787, in urlopen
    response = self._make_request(
  File "/Users/musacomma/Library/Python/3.9/lib/python/site-packages/urllib3/connectionpool.py", line 488, in _make_request
    raise new_e
  File "/Users/musacomma/Library/Python/3.9/lib/python/site-packages/urllib3/connectionpool.py", line 464, in _make_request
    self._validate_conn(conn)
  File "/Users/musacomma/Library/Python/3.9/lib/python/site-packages/urllib3/connectionpool.py", line 1093, in _validate_conn
    conn.connect()
  File "/Users/musacomma/Library/Python/3.9/lib/python/site-packages/urllib3/connection.py", line 753, in connect
    self.sock = sock = self._new_conn()
  File "/Users/musacomma/Library/Python/3.9/lib/python/site-packages/urllib3/connection.py", line 213, in _new_conn
    raise NewConnectionError(
urllib3.exceptions.NewConnectionError: <urllib3.connection.HTTPSConnection object at 0x10a7e6d90>: Failed to establish a new connection: [Errno 61] Connection refused

The above exception was the direct cause of the following exception:

Traceback (most recent call last):
  File "/Users/musacomma/Library/Python/3.9/lib/python/site-packages/requests/adapters.py", line 644, in send
    resp = conn.urlopen(
  File "/Users/musacomma/Library/Python/3.9/lib/python/site-packages/urllib3/connectionpool.py", line 841, in urlopen
    retries = retries.increment(
  File "/Users/musacomma/Library/Python/3.9/lib/python/site-packages/urllib3/util/retry.py", line 519, in increment
    raise MaxRetryError(_pool, url, reason) from reason  # type: ignore[arg-type]
urllib3.exceptions.MaxRetryError: HTTPSConnectionPool(host='api.airtable.com', port=443): Max retries exceeded with url: /v0/appw88uD6ZM0ckF8f/tbljg75KMQWDo2Hgu (Caused by NewConnectionError('<urllib3.connection.HTTPSConnection object at 0x10a7e6d90>: Failed to establish a new connection: [Errno 61] Connection refused'))

During handling of the above exception, another exception occurred:

Traceback (most recent call last):
  File "/Users/musacomma/Agentic Workflow/execution/automation_orchestrator.py", line 102, in <module>
    main()
  File "/Users/musacomma/Agentic Workflow/execution/automation_orchestrator.py", line 98, in main
    orchestrator.run_continuous(interval_seconds=args.interval)
  File "/Users/musacomma/Agentic Workflow/execution/automation_orchestrator.py", line 71, in run_continuous
    self.run_cycle()
  File "/Users/musacomma/Agentic Workflow/execution/automation_orchestrator.py", line 41, in run_cycle
    self.cleanup.run_cleanup()
  File "/Users/musacomma/Agentic Workflow/execution/post_cleanup.py", line 88, in run_cleanup
    posts_to_delete = self.get_posts_to_delete()
  File "/Users/musacomma/Agentic Workflow/execution/post_cleanup.py", line 44, in get_posts_to_delete
    posts = self.fetch_all_posts()
  File "/Users/musacomma/Agentic Workflow/execution/post_cleanup.py", line 35, in fetch_all_posts
    response = requests.get(url, headers=self.headers)
  File "/Users/musacomma/Library/Python/3.9/lib/python/site-packages/requests/api.py", line 73, in get
    return request("get", url, params=params, **kwargs)
  File "/Users/musacomma/Library/Python/3.9/lib/python/site-packages/requests/api.py", line 59, in request
    return session.request(method=method, url=url, **kwargs)
  File "/Users/musacomma/Library/Python/3.9/lib/python/site-packages/requests/sessions.py", line 589, in request
    resp = self.send(prep, **send_kwargs)
  File "/Users/musacomma/Library/Python/3.9/lib/python/site-packages/requests/sessions.py", line 703, in send
    r = adapter.send(request, **kwargs)
  File "/Users/musacomma/Library/Python/3.9/lib/python/site-packages/requests/adapters.py", line 677, in send
    raise ConnectionError(e, request=request)
requests.exceptions.ConnectionError: HTTPSConnectionPool(host='api.airtable.com', port=443): Max retries exceeded with url: /v0/appw88uD6ZM0ckF8f/tbljg75KMQWDo2Hgu (Caused by NewConnectionError('<urllib3.connection.HTTPSConnection object at 0x10a7e6d90>: Failed to establish a new connection: [Errno 61] Connection refused'))
========================================

âœ… No posts eligible for deletion (posts Posted less than 7 days ago)
================================================================================

ğŸ“‹ STEP 2: Maintaining Draft post inventory...
âœ… Inventory satisfied: 21 Draft posts (target: 21)
ğŸ“‹ STEP 3: Processing scheduling queue...
âœ… No posts in scheduling queue
================================================================================
âœ… AUTOMATION CYCLE COMPLETE
================================================================================

â° Next cycle in 300 seconds...


================================================================================
ğŸ”„ AUTOMATION CYCLE - 2026-01-06 17:25:09
================================================================================

ğŸ“‹ STEP 1: Cleaning up expired posts...
================================================================================
ğŸ—‘ï¸  POST CLEANUP - DELETING EXPIRED POSTS
================================================================================

âœ… No posts eligible for deletion (posts Posted less than 7 days ago)
================================================================================

ğŸ“‹ STEP 2: Maintaining Draft post inventory...
âœ… Inventory satisfied: 21 Draft posts (target: 21)
ğŸ“‹ STEP 3: Processing scheduling queue...
âœ… No posts in scheduling queue
================================================================================
âœ… AUTOMATION CYCLE COMPLETE
================================================================================

â° Next cycle in 300 seconds...


================================================================================
ğŸ”„ AUTOMATION CYCLE - 2026-01-06 17:30:12
================================================================================

ğŸ“‹ STEP 1: Cleaning up expired posts...
================================================================================
ğŸ—‘ï¸  POST CLEANUP - DELETING EXPIRED POSTS
================================================================================

âœ… No posts eligible for deletion (posts Posted less than 7 days ago)
================================================================================

ğŸ“‹ STEP 2: Maintaining Draft post inventory...
âœ… Inventory satisfied: 21 Draft posts (target: 21)
ğŸ“‹ STEP 3: Processing scheduling queue...
âœ… No posts in scheduling queue
================================================================================
âœ… AUTOMATION CYCLE COMPLETE
================================================================================

â° Next cycle in 300 seconds...


================================================================================
ğŸ”„ AUTOMATION CYCLE - 2026-01-06 17:35:17
================================================================================

ğŸ“‹ STEP 1: Cleaning up expired posts...
================================================================================
ğŸ—‘ï¸  POST CLEANUP - DELETING EXPIRED POSTS
================================================================================

âœ… No posts eligible for deletion (posts Posted less than 7 days ago)
================================================================================

ğŸ“‹ STEP 2: Maintaining Draft post inventory...
âœ… Inventory satisfied: 21 Draft posts (target: 21)
ğŸ“‹ STEP 3: Processing scheduling queue...
âœ… No posts in scheduling queue
================================================================================
âœ… AUTOMATION CYCLE COMPLETE
================================================================================

â° Next cycle in 300 seconds...


================================================================================
ğŸ”„ AUTOMATION CYCLE - 2026-01-06 17:40:20
================================================================================

ğŸ“‹ STEP 1: Cleaning up expired posts...
================================================================================
ğŸ—‘ï¸  POST CLEANUP - DELETING EXPIRED POSTS
================================================================================

âœ… No posts eligible for deletion (posts Posted less than 7 days ago)
================================================================================

ğŸ“‹ STEP 2: Maintaining Draft post inventory...
âœ… Inventory satisfied: 21 Draft posts (target: 21)
ğŸ“‹ STEP 3: Processing scheduling queue...
âœ… No posts in scheduling queue
================================================================================
âœ… AUTOMATION CYCLE COMPLETE
================================================================================

â° Next cycle in 300 seconds...


================================================================================
ğŸ”„ AUTOMATION CYCLE - 2026-01-06 17:48:47
================================================================================

ğŸ“‹ STEP 1: Cleaning up expired posts...
================================================================================
ğŸ—‘ï¸  POST CLEANUP - DELETING EXPIRED POSTS
================================================================================

âœ… No posts eligible for deletion (posts Posted less than 7 days ago)
================================================================================

ğŸ“‹ STEP 2: Maintaining Draft post inventory...
âœ… Inventory satisfied: 21 Draft posts (target: 21)
ğŸ“‹ STEP 3: Processing scheduling queue...
âœ… No posts in scheduling queue
================================================================================
âœ… AUTOMATION CYCLE COMPLETE
================================================================================

â° Next cycle in 300 seconds...


================================================================================
ğŸ”„ AUTOMATION CYCLE - 2026-01-06 17:53:50
================================================================================

ğŸ“‹ STEP 1: Cleaning up expired posts...
================================================================================
ğŸ—‘ï¸  POST CLEANUP - DELETING EXPIRED POSTS
================================================================================

âœ… No posts eligible for deletion (posts Posted less than 7 days ago)
================================================================================

ğŸ“‹ STEP 2: Maintaining Draft post inventory...
âœ… Inventory satisfied: 21 Draft posts (target: 21)
ğŸ“‹ STEP 3: Processing scheduling queue...
âœ… No posts in scheduling queue
================================================================================
âœ… AUTOMATION CYCLE COMPLETE
================================================================================

â° Next cycle in 300 seconds...


================================================================================
ğŸ”„ AUTOMATION CYCLE - 2026-01-06 17:58:54
================================================================================

ğŸ“‹ STEP 1: Cleaning up expired posts...
================================================================================
ğŸ—‘ï¸  POST CLEANUP - DELETING EXPIRED POSTS
================================================================================

âœ… No posts eligible for deletion (posts Posted less than 7 days ago)
================================================================================

ğŸ“‹ STEP 2: Maintaining Draft post inventory...
âœ… Inventory satisfied: 21 Draft posts (target: 21)
ğŸ“‹ STEP 3: Processing scheduling queue...
âœ… No posts in scheduling queue
================================================================================
âœ… AUTOMATION CYCLE COMPLETE
================================================================================

â° Next cycle in 300 seconds...


================================================================================
ğŸ”„ AUTOMATION CYCLE - 2026-01-06 18:03:58
================================================================================

ğŸ“‹ STEP 1: Cleaning up expired posts...
================================================================================
ğŸ—‘ï¸  POST CLEANUP - DELETING EXPIRED POSTS
================================================================================

âœ… No posts eligible for deletion (posts Posted less than 7 days ago)
================================================================================

ğŸ“‹ STEP 2: Maintaining Draft post inventory...
âœ… Inventory satisfied: 21 Draft posts (target: 21)
ğŸ“‹ STEP 3: Processing scheduling queue...
âœ… No posts in scheduling queue
================================================================================
âœ… AUTOMATION CYCLE COMPLETE
================================================================================

â° Next cycle in 300 seconds...


================================================================================
ğŸ”„ AUTOMATION CYCLE - 2026-01-06 18:09:02
================================================================================

ğŸ“‹ STEP 1: Cleaning up expired posts...
================================================================================
ğŸ—‘ï¸  POST CLEANUP - DELETING EXPIRED POSTS
================================================================================

âœ… No posts eligible for deletion (posts Posted less than 7 days ago)
================================================================================

ğŸ“‹ STEP 2: Maintaining Draft post inventory...
âœ… Inventory satisfied: 21 Draft posts (target: 21)
ğŸ“‹ STEP 3: Processing scheduling queue...
âœ… No posts in scheduling queue
================================================================================
âœ… AUTOMATION CYCLE COMPLETE
================================================================================

â° Next cycle in 300 seconds...


================================================================================
ğŸ”„ AUTOMATION CYCLE - 2026-01-06 18:14:05
================================================================================

ğŸ“‹ STEP 1: Cleaning up expired posts...
================================================================================
ğŸ—‘ï¸  POST CLEANUP - DELETING EXPIRED POSTS
================================================================================

âœ… No posts eligible for deletion (posts Posted less than 7 days ago)
================================================================================

ğŸ“‹ STEP 2: Maintaining Draft post inventory...
âœ… Inventory satisfied: 21 Draft posts (target: 21)
ğŸ“‹ STEP 3: Processing scheduling queue...
âœ… No posts in scheduling queue
================================================================================
âœ… AUTOMATION CYCLE COMPLETE
================================================================================

â° Next cycle in 300 seconds...


================================================================================
ğŸ”„ AUTOMATION CYCLE - 2026-01-06 18:19:09
================================================================================

ğŸ“‹ STEP 1: Cleaning up expired posts...
================================================================================
ğŸ—‘ï¸  POST CLEANUP - DELETING EXPIRED POSTS
================================================================================

âœ… No posts eligible for deletion (posts Posted less than 7 days ago)
================================================================================

ğŸ“‹ STEP 2: Maintaining Draft post inventory...
âœ… Inventory satisfied: 21 Draft posts (target: 21)
ğŸ“‹ STEP 3: Processing scheduling queue...
âœ… No posts in scheduling queue
================================================================================
âœ… AUTOMATION CYCLE COMPLETE
================================================================================

â° Next cycle in 300 seconds...


================================================================================
ğŸ”„ AUTOMATION CYCLE - 2026-01-06 18:24:16
================================================================================

ğŸ“‹ STEP 1: Cleaning up expired posts...
================================================================================
ğŸ—‘ï¸  POST CLEANUP - DELETING EXPIRED POSTS
================================================================================

Traceback (most recent call last):
  File "/Users/musacomma/Library/Python/3.9/lib/python/site-packages/urllib3/connection.py", line 198, in _new_conn
    sock = connection.create_connection(
  File "/Users/musacomma/Library/Python/3.9/lib/python/site-packages/urllib3/util/connection.py", line 85, in create_connection
    raise err
  File "/Users/musacomma/Library/Python/3.9/lib/python/site-packages/urllib3/util/connection.py", line 73, in create_connection
    sock.connect(sa)
ConnectionRefusedError: [Errno 61] Connection refused

The above exception was the direct cause of the following exception:

Traceback (most recent call last):
  File "/Users/musacomma/Library/Python/3.9/lib/python/site-packages/urllib3/connectionpool.py", line 787, in urlopen
    response = self._make_request(
  File "/Users/musacomma/Library/Python/3.9/lib/python/site-packages/urllib3/connectionpool.py", line 488, in _make_request
    raise new_e
  File "/Users/musacomma/Library/Python/3.9/lib/python/site-packages/urllib3/connectionpool.py", line 464, in _make_request
    self._validate_conn(conn)
  File "/Users/musacomma/Library/Python/3.9/lib/python/site-packages/urllib3/connectionpool.py", line 1093, in _validate_conn
    conn.connect()
  File "/Users/musacomma/Library/Python/3.9/lib/python/site-packages/urllib3/connection.py", line 753, in connect
    self.sock = sock = self._new_conn()
  File "/Users/musacomma/Library/Python/3.9/lib/python/site-packages/urllib3/connection.py", line 213, in _new_conn
    raise NewConnectionError(
urllib3.exceptions.NewConnectionError: <urllib3.connection.HTTPSConnection object at 0x1059300a0>: Failed to establish a new connection: [Errno 61] Connection refused

The above exception was the direct cause of the following exception:

Traceback (most recent call last):
  File "/Users/musacomma/Library/Python/3.9/lib/python/site-packages/requests/adapters.py", line 644, in send
    resp = conn.urlopen(
  File "/Users/musacomma/Library/Python/3.9/lib/python/site-packages/urllib3/connectionpool.py", line 841, in urlopen
    retries = retries.increment(
  File "/Users/musacomma/Library/Python/3.9/lib/python/site-packages/urllib3/util/retry.py", line 519, in increment
    raise MaxRetryError(_pool, url, reason) from reason  # type: ignore[arg-type]
urllib3.exceptions.MaxRetryError: HTTPSConnectionPool(host='api.airtable.com', port=443): Max retries exceeded with url: /v0/appw88uD6ZM0ckF8f/tbljg75KMQWDo2Hgu (Caused by NewConnectionError('<urllib3.connection.HTTPSConnection object at 0x1059300a0>: Failed to establish a new connection: [Errno 61] Connection refused'))

During handling of the above exception, another exception occurred:

Traceback (most recent call last):
  File "/Users/musacomma/Agentic Workflow/execution/automation_orchestrator.py", line 102, in <module>
    main()
  File "/Users/musacomma/Agentic Workflow/execution/automation_orchestrator.py", line 98, in main
    orchestrator.run_continuous(interval_seconds=args.interval)
  File "/Users/musacomma/Agentic Workflow/execution/automation_orchestrator.py", line 71, in run_continuous
    self.run_cycle()
  File "/Users/musacomma/Agentic Workflow/execution/automation_orchestrator.py", line 41, in run_cycle
    self.cleanup.run_cleanup()
  File "/Users/musacomma/Agentic Workflow/execution/post_cleanup.py", line 88, in run_cleanup
    posts_to_delete = self.get_posts_to_delete()
  File "/Users/musacomma/Agentic Workflow/execution/post_cleanup.py", line 44, in get_posts_to_delete
    posts = self.fetch_all_posts()
  File "/Users/musacomma/Agentic Workflow/execution/post_cleanup.py", line 35, in fetch_all_posts
    response = requests.get(url, headers=self.headers)
  File "/Users/musacomma/Library/Python/3.9/lib/python/site-packages/requests/api.py", line 73, in get
    return request("get", url, params=params, **kwargs)
  File "/Users/musacomma/Library/Python/3.9/lib/python/site-packages/requests/api.py", line 59, in request
    return session.request(method=method, url=url, **kwargs)
  File "/Users/musacomma/Library/Python/3.9/lib/python/site-packages/requests/sessions.py", line 589, in request
    resp = self.send(prep, **send_kwargs)
  File "/Users/musacomma/Library/Python/3.9/lib/python/site-packages/requests/sessions.py", line 703, in send
    r = adapter.send(request, **kwargs)
  File "/Users/musacomma/Library/Python/3.9/lib/python/site-packages/requests/adapters.py", line 677, in send
    raise ConnectionError(e, request=request)
requests.exceptions.ConnectionError: HTTPSConnectionPool(host='api.airtable.com', port=443): Max retries exceeded with url: /v0/appw88uD6ZM0ckF8f/tbljg75KMQWDo2Hgu (Caused by NewConnectionError('<urllib3.connection.HTTPSConnection object at 0x1059300a0>: Failed to establish a new connection: [Errno 61] Connection refused'))
