/Users/musacomma/Library/Python/3.9/lib/python/site-packages/urllib3/__init__.py:35: NotOpenSSLWarning: urllib3 v2 only supports OpenSSL 1.1.1+, currently the 'ssl' module is compiled with 'LibreSSL 2.8.3'. See: https://github.com/urllib3/urllib3/issues/3020
  warnings.warn(
================================================================================
üöÄ STARTING CONTINUOUS AUTOMATION
================================================================================
Running every 300 seconds (5.0 minutes)
Press Ctrl+C to stop


================================================================================
üîÑ AUTOMATION CYCLE - 2026-01-05 09:40:50
================================================================================

üìã STEP 1: Cleaning up expired posts...
================================================================================
üóëÔ∏è  POST CLEANUP - DELETING EXPIRED POSTS
================================================================================

‚úÖ No posts eligible for deletion (posts Posted less than 7 days ago)
================================================================================

üìã STEP 2: Maintaining Draft post inventory...
‚úÖ Inventory satisfied: 21 Draft posts (target: 21)
üìã STEP 3: Processing scheduling queue...
‚úÖ No posts in scheduling queue
================================================================================
‚úÖ AUTOMATION CYCLE COMPLETE
================================================================================

‚è∞ Next cycle in 300 seconds...


================================================================================
üîÑ AUTOMATION CYCLE - 2026-01-05 09:45:53
================================================================================

üìã STEP 1: Cleaning up expired posts...
================================================================================
üóëÔ∏è  POST CLEANUP - DELETING EXPIRED POSTS
================================================================================

Traceback (most recent call last):
  File "/Users/musacomma/Library/Python/3.9/lib/python/site-packages/urllib3/connection.py", line 198, in _new_conn
    sock = connection.create_connection(
  File "/Users/musacomma/Library/Python/3.9/lib/python/site-packages/urllib3/util/connection.py", line 60, in create_connection
    for res in socket.getaddrinfo(host, port, family, socket.SOCK_STREAM):
  File "/Library/Developer/CommandLineTools/Library/Frameworks/Python3.framework/Versions/3.9/lib/python3.9/socket.py", line 953, in getaddrinfo
    for res in _socket.getaddrinfo(host, port, family, type, proto, flags):
socket.gaierror: [Errno 8] nodename nor servname provided, or not known

The above exception was the direct cause of the following exception:

Traceback (most recent call last):
  File "/Users/musacomma/Library/Python/3.9/lib/python/site-packages/urllib3/connectionpool.py", line 787, in urlopen
    response = self._make_request(
  File "/Users/musacomma/Library/Python/3.9/lib/python/site-packages/urllib3/connectionpool.py", line 488, in _make_request
    raise new_e
  File "/Users/musacomma/Library/Python/3.9/lib/python/site-packages/urllib3/connectionpool.py", line 464, in _make_request
    self._validate_conn(conn)
  File "/Users/musacomma/Library/Python/3.9/lib/python/site-packages/urllib3/connectionpool.py", line 1093, in _validate_conn
    conn.connect()
  File "/Users/musacomma/Library/Python/3.9/lib/python/site-packages/urllib3/connection.py", line 753, in connect
    self.sock = sock = self._new_conn()
  File "/Users/musacomma/Library/Python/3.9/lib/python/site-packages/urllib3/connection.py", line 205, in _new_conn
    raise NameResolutionError(self.host, self, e) from e
urllib3.exceptions.NameResolutionError: <urllib3.connection.HTTPSConnection object at 0x10856ed90>: Failed to resolve 'api.airtable.com' ([Errno 8] nodename nor servname provided, or not known)

The above exception was the direct cause of the following exception:

Traceback (most recent call last):
  File "/Users/musacomma/Library/Python/3.9/lib/python/site-packages/requests/adapters.py", line 644, in send
    resp = conn.urlopen(
  File "/Users/musacomma/Library/Python/3.9/lib/python/site-packages/urllib3/connectionpool.py", line 841, in urlopen
    retries = retries.increment(
  File "/Users/musacomma/Library/Python/3.9/lib/python/site-packages/urllib3/util/retry.py", line 519, in increment
    raise MaxRetryError(_pool, url, reason) from reason  # type: ignore[arg-type]
urllib3.exceptions.MaxRetryError: HTTPSConnectionPool(host='api.airtable.com', port=443): Max retries exceeded with url: /v0/appw88uD6ZM0ckF8f/tbljg75KMQWDo2Hgu (Caused by NameResolutionError("<urllib3.connection.HTTPSConnection object at 0x10856ed90>: Failed to resolve 'api.airtable.com' ([Errno 8] nodename nor servname provided, or not known)"))

During handling of the above exception, another exception occurred:

Traceback (most recent call last):
  File "/Users/musacomma/Agentic Workflow/execution/automation_orchestrator.py", line 102, in <module>
    main()
  File "/Users/musacomma/Agentic Workflow/execution/automation_orchestrator.py", line 98, in main
    orchestrator.run_continuous(interval_seconds=args.interval)
  File "/Users/musacomma/Agentic Workflow/execution/automation_orchestrator.py", line 71, in run_continuous
    self.run_cycle()
  File "/Users/musacomma/Agentic Workflow/execution/automation_orchestrator.py", line 41, in run_cycle
    self.cleanup.run_cleanup()
  File "/Users/musacomma/Agentic Workflow/execution/post_cleanup.py", line 88, in run_cleanup
    posts_to_delete = self.get_posts_to_delete()
  File "/Users/musacomma/Agentic Workflow/execution/post_cleanup.py", line 44, in get_posts_to_delete
    posts = self.fetch_all_posts()
  File "/Users/musacomma/Agentic Workflow/execution/post_cleanup.py", line 35, in fetch_all_posts
    response = requests.get(url, headers=self.headers)
  File "/Users/musacomma/Library/Python/3.9/lib/python/site-packages/requests/api.py", line 73, in get
    return request("get", url, params=params, **kwargs)
  File "/Users/musacomma/Library/Python/3.9/lib/python/site-packages/requests/api.py", line 59, in request
    return session.request(method=method, url=url, **kwargs)
  File "/Users/musacomma/Library/Python/3.9/lib/python/site-packages/requests/sessions.py", line 589, in request
    resp = self.send(prep, **send_kwargs)
  File "/Users/musacomma/Library/Python/3.9/lib/python/site-packages/requests/sessions.py", line 703, in send
    r = adapter.send(request, **kwargs)
  File "/Users/musacomma/Library/Python/3.9/lib/python/site-packages/requests/adapters.py", line 677, in send
    raise ConnectionError(e, request=request)
requests.exceptions.ConnectionError: HTTPSConnectionPool(host='api.airtable.com', port=443): Max retries exceeded with url: /v0/appw88uD6ZM0ckF8f/tbljg75KMQWDo2Hgu (Caused by NameResolutionError("<urllib3.connection.HTTPSConnection object at 0x10856ed90>: Failed to resolve 'api.airtable.com' ([Errno 8] nodename nor servname provided, or not known)"))
